# JRE version: Java(TM) SE Runtime Environment (8.0_111-b14) (build 1.8.0_111-b14)
# Java VM: Java HotSpot(TM) 64-Bit Server VM (25.111-b14 mixed mode bsd-amd64 compressed oops)
Heap:
 PSYoungGen      total 18944K, used 523K [0x00000007aab00000, 0x00000007ac000000, 0x00000007c0000000)
  eden space 16384K, 3% used [0x00000007aab00000,0x00000007aab82e38,0x00000007abb00000)
  from space 2560K, 0% used [0x00000007abb00000,0x00000007abb00000,0x00000007abd80000)
  to   space 2560K, 0% used [0x00000007abd80000,0x00000007abd80000,0x00000007ac000000)
 ParOldGen       total 44032K, used 6458K [0x0000000780000000, 0x0000000782b00000, 0x00000007aab00000)
  object space 44032K, 14% used [0x0000000780000000,0x000000078064e920,0x0000000782b00000)
 Metaspace       used 21358K, capacity 21960K, committed 22144K, reserved 1069056K
  class space    used 2753K, capacity 2897K, committed 2944K, reserved 1048576K
GC Heap History (10 events):
Event: 13.681 GC heap before
{Heap before GC invocations=5 (full 2):
 PSYoungGen      total 18944K, used 2396K [0x00000007aab00000, 0x00000007ac000000, 0x00000007c0000000)
  eden space 16384K, 0% used [0x00000007aab00000,0x00000007aab00000,0x00000007abb00000)
  from space 2560K, 93% used [0x00000007abb00000,0x00000007abd57190,0x00000007abd80000)
  to   space 2560K, 0% used [0x00000007abd80000,0x00000007abd80000,0x00000007ac000000)
 ParOldGen       total 44032K, used 5441K [0x0000000780000000, 0x0000000782b00000, 0x00000007aab00000)
  object space 44032K, 12% used [0x0000000780000000,0x0000000780550720,0x0000000782b00000)
 Metaspace       used 18615K, capacity 19044K, committed 19200K, reserved 1067008K
  class space    used 2404K, capacity 2553K, committed 2560K, reserved 1048576K
Event: 13.816 GC heap after
Heap after GC invocations=5 (full 2):
 PSYoungGen      total 18944K, used 0K [0x00000007aab00000, 0x00000007ac000000, 0x00000007c0000000)
  eden space 16384K, 0% used [0x00000007aab00000,0x00000007aab00000,0x00000007abb00000)
  from space 2560K, 0% used [0x00000007abb00000,0x00000007abb00000,0x00000007abd80000)
  to   space 2560K, 0% used [0x00000007abd80000,0x00000007abd80000,0x00000007ac000000)
 ParOldGen       total 44032K, used 5469K [0x0000000780000000, 0x0000000782b00000, 0x00000007aab00000)
  object space 44032K, 12% used [0x0000000780000000,0x0000000780557488,0x0000000782b00000)
 Metaspace       used 18615K, capacity 19044K, committed 19200K, reserved 1067008K
  class space    used 2404K, capacity 2553K, committed 2560K, reserved 1048576K
}
Event: 14.159 GC heap before
{Heap before GC invocations=6 (full 2):
 PSYoungGen      total 18944K, used 1424K [0x00000007aab00000, 0x00000007ac000000, 0x00000007c0000000)
  eden space 16384K, 8% used [0x00000007aab00000,0x00000007aac64328,0x00000007abb00000)
  from space 2560K, 0% used [0x00000007abb00000,0x00000007abb00000,0x00000007abd80000)
  to   space 2560K, 0% used [0x00000007abd80000,0x00000007abd80000,0x00000007ac000000)
 ParOldGen       total 44032K, used 5469K [0x0000000780000000, 0x0000000782b00000, 0x00000007aab00000)
  object space 44032K, 12% used [0x0000000780000000,0x0000000780557488,0x0000000782b00000)
 Metaspace       used 18771K, capacity 19344K, committed 19584K, reserved 1067008K
  class space    used 2424K, capacity 2573K, committed 2688K, reserved 1048576K
Event: 14.173 GC heap after
Heap after GC invocations=6 (full 2):
 PSYoungGen      total 18944K, used 160K [0x00000007aab00000, 0x00000007ac000000, 0x00000007c0000000)
  eden space 16384K, 0% used [0x00000007aab00000,0x00000007aab00000,0x00000007abb00000)
  from space 2560K, 6% used [0x00000007abd80000,0x00000007abda8000,0x00000007ac000000)
  to   space 2560K, 0% used [0x00000007abb00000,0x00000007abb00000,0x00000007abd80000)
 ParOldGen       total 44032K, used 5477K [0x0000000780000000, 0x0000000782b00000, 0x00000007aab00000)
  object space 44032K, 12% used [0x0000000780000000,0x0000000780559488,0x0000000782b00000)
 Metaspace       used 18771K, capacity 19344K, committed 19584K, reserved 1067008K
  class space    used 2424K, capacity 2573K, committed 2688K, reserved 1048576K
}
Event: 14.173 GC heap before
{Heap before GC invocations=7 (full 3):
 PSYoungGen      total 18944K, used 160K [0x00000007aab00000, 0x00000007ac000000, 0x00000007c0000000)
  eden space 16384K, 0% used [0x00000007aab00000,0x00000007aab00000,0x00000007abb00000)
  from space 2560K, 6% used [0x00000007abd80000,0x00000007abda8000,0x00000007ac000000)
  to   space 2560K, 0% used [0x00000007abb00000,0x00000007abb00000,0x00000007abd80000)
 ParOldGen       total 44032K, used 5477K [0x0000000780000000, 0x0000000782b00000, 0x00000007aab00000)
  object space 44032K, 12% used [0x0000000780000000,0x0000000780559488,0x0000000782b00000)
 Metaspace       used 18771K, capacity 19344K, committed 19584K, reserved 1067008K
  class space    used 2424K, capacity 2573K, committed 2688K, reserved 1048576K
Event: 14.247 GC heap after
Heap after GC invocations=7 (full 3):
 PSYoungGen      total 18944K, used 0K [0x00000007aab00000, 0x00000007ac000000, 0x00000007c0000000)
  eden space 16384K, 0% used [0x00000007aab00000,0x00000007aab00000,0x00000007abb00000)
  from space 2560K, 0% used [0x00000007abd80000,0x00000007abd80000,0x00000007ac000000)
  to   space 2560K, 0% used [0x00000007abb00000,0x00000007abb00000,0x00000007abd80000)
 ParOldGen       total 44032K, used 5249K [0x0000000780000000, 0x0000000782b00000, 0x00000007aab00000)
  object space 44032K, 11% used [0x0000000780000000,0x0000000780520540,0x0000000782b00000)
 Metaspace       used 18771K, capacity 19344K, committed 19584K, reserved 1067008K
  class space    used 2424K, capacity 2573K, committed 2688K, reserved 1048576K
}
Event: 138.105 GC heap before
{Heap before GC invocations=8 (full 3):
 PSYoungGen      total 18944K, used 15671K [0x00000007aab00000, 0x00000007ac000000, 0x00000007c0000000)
  eden space 16384K, 95% used [0x00000007aab00000,0x00000007aba4dfd0,0x00000007abb00000)
  from space 2560K, 0% used [0x00000007abd80000,0x00000007abd80000,0x00000007ac000000)
  to   space 2560K, 0% used [0x00000007abb00000,0x00000007abb00000,0x00000007abd80000)
 ParOldGen       total 44032K, used 5249K [0x0000000780000000, 0x0000000782b00000, 0x00000007aab00000)
  object space 44032K, 11% used [0x0000000780000000,0x0000000780520540,0x0000000782b00000)
 Metaspace       used 21358K, capacity 21960K, committed 22144K, reserved 1069056K
  class space    used 2753K, capacity 2897K, committed 2944K, reserved 1048576K
Event: 138.117 GC heap after
Heap after GC invocations=8 (full 3):
 PSYoungGen      total 18944K, used 1552K [0x00000007aab00000, 0x00000007ac000000, 0x00000007c0000000)
  eden space 16384K, 0% used [0x00000007aab00000,0x00000007aab00000,0x00000007abb00000)
  from space 2560K, 60% used [0x00000007abb00000,0x00000007abc840b8,0x00000007abd80000)
  to   space 2560K, 0% used [0x00000007abd80000,0x00000007abd80000,0x00000007ac000000)
 ParOldGen       total 44032K, used 5257K [0x0000000780000000, 0x0000000782b00000, 0x00000007aab00000)
  object space 44032K, 11% used [0x0000000780000000,0x0000000780522540,0x0000000782b00000)
 Metaspace       used 21358K, capacity 21960K, committed 22144K, reserved 1069056K
  class space    used 2753K, capacity 2897K, committed 2944K, reserved 1048576K
}
Event: 138.117 GC heap before
{Heap before GC invocations=9 (full 4):
 PSYoungGen      total 18944K, used 1552K [0x00000007aab00000, 0x00000007ac000000, 0x00000007c0000000)
  eden space 16384K, 0% used [0x00000007aab00000,0x00000007aab00000,0x00000007abb00000)
  from space 2560K, 60% used [0x00000007abb00000,0x00000007abc840b8,0x00000007abd80000)
  to   space 2560K, 0% used [0x00000007abd80000,0x00000007abd80000,0x00000007ac000000)
 ParOldGen       total 44032K, used 5257K [0x0000000780000000, 0x0000000782b00000, 0x00000007aab00000)
  object space 44032K, 11% used [0x0000000780000000,0x0000000780522540,0x0000000782b00000)
 Metaspace       used 21358K, capacity 21960K, committed 22144K, reserved 1069056K
  class space    used 2753K, capacity 2897K, committed 2944K, reserved 1048576K
Event: 138.208 GC heap after
Heap after GC invocations=9 (full 4):
 PSYoungGen      total 18944K, used 0K [0x00000007aab00000, 0x00000007ac000000, 0x00000007c0000000)
  eden space 16384K, 0% used [0x00000007aab00000,0x00000007aab00000,0x00000007abb00000)
  from space 2560K, 0% used [0x00000007abb00000,0x00000007abb00000,0x00000007abd80000)
  to   space 2560K, 0% used [0x00000007abd80000,0x00000007abd80000,0x00000007ac000000)
 ParOldGen       total 44032K, used 6458K [0x0000000780000000, 0x0000000782b00000, 0x00000007aab00000)
  object space 44032K, 14% used [0x0000000780000000,0x000000078064e920,0x0000000782b00000)
 Metaspace       used 21358K, capacity 21960K, committed 22144K, reserved 1069056K
  class space    used 2753K, capacity 2897K, committed 2944K, reserved 1048576K
}

